<?xml version="1.0" encoding="UTF-8"?>
<testsuite xmlns:xsi="http://www.w3.org/2001/XMLSchema-instance" xsi:noNamespaceSchemaLocation="https://maven.apache.org/surefire/maven-failsafe-plugin/xsd/failsafe-test-report-3.0.xsd" version="3.0" name="com.camp.campr.web.rest.VideoResourceIT" time="0.382" tests="15" errors="0" skipped="0" failures="0">
  <properties>
[...]
</properties>
  <testcase name="getNonExistingVideo" classname="com.camp.campr.web.rest.VideoResourceIT" time="0.031">
    <system-out><![CDATA[2022-01-15 16:51:41.773  WARN 11796 --- [           main] o.z.problem.spring.common.AdviceTraits   : Not Found: 404 NOT_FOUND
]]></system-out>
  </testcase>
  <testcase name="patchWithMissingIdPathParamVideo" classname="com.camp.campr.web.rest.VideoResourceIT" time="0.019">
    <system-out><![CDATA[2022-01-15 16:51:41.798  WARN 11796 --- [           main] o.z.problem.spring.common.AdviceTraits   : Method Not Allowed: Request method 'PATCH' not supported
]]></system-out>
  </testcase>
  <testcase name="deleteVideo" classname="com.camp.campr.web.rest.VideoResourceIT" time="0.019"/>
  <testcase name="createVideo" classname="com.camp.campr.web.rest.VideoResourceIT" time="0.026"/>
  <testcase name="getAllVideos" classname="com.camp.campr.web.rest.VideoResourceIT" time="0.015"/>
  <testcase name="patchNonExistingVideo" classname="com.camp.campr.web.rest.VideoResourceIT" time="0.02">
    <system-out><![CDATA[2022-01-15 16:51:41.885 ERROR 11796 --- [           main] tech.jhipster.web.util.HeaderUtil        : Entity processing failed, Entity not found
2022-01-15 16:51:41.885  WARN 11796 --- [           main] o.z.problem.spring.common.AdviceTraits   : Bad Request: Entity not found
]]></system-out>
  </testcase>
  <testcase name="createVideoWithExistingId" classname="com.camp.campr.web.rest.VideoResourceIT" time="0.015">
    <system-out><![CDATA[2022-01-15 16:51:41.900 ERROR 11796 --- [           main] tech.jhipster.web.util.HeaderUtil        : Entity processing failed, A new video cannot already have an ID
2022-01-15 16:51:41.900  WARN 11796 --- [           main] o.z.problem.spring.common.AdviceTraits   : Bad Request: A new video cannot already have an ID
]]></system-out>
  </testcase>
  <testcase name="putNonExistingVideo" classname="com.camp.campr.web.rest.VideoResourceIT" time="0.016">
    <system-out><![CDATA[2022-01-15 16:51:41.917 ERROR 11796 --- [           main] tech.jhipster.web.util.HeaderUtil        : Entity processing failed, Entity not found
2022-01-15 16:51:41.918  WARN 11796 --- [           main] o.z.problem.spring.common.AdviceTraits   : Bad Request: Entity not found
]]></system-out>
  </testcase>
  <testcase name="patchWithIdMismatchVideo" classname="com.camp.campr.web.rest.VideoResourceIT" time="0.019">
    <system-out><![CDATA[2022-01-15 16:51:41.938 ERROR 11796 --- [           main] tech.jhipster.web.util.HeaderUtil        : Entity processing failed, Invalid ID
2022-01-15 16:51:41.938  WARN 11796 --- [           main] o.z.problem.spring.common.AdviceTraits   : Bad Request: Invalid ID
]]></system-out>
  </testcase>
  <testcase name="putWithMissingIdPathParamVideo" classname="com.camp.campr.web.rest.VideoResourceIT" time="0.017">
    <system-out><![CDATA[2022-01-15 16:51:41.956  WARN 11796 --- [           main] o.z.problem.spring.common.AdviceTraits   : Method Not Allowed: Request method 'PUT' not supported
]]></system-out>
  </testcase>
  <testcase name="putNewVideo" classname="com.camp.campr.web.rest.VideoResourceIT" time="0.029"/>
  <testcase name="fullUpdateVideoWithPatch" classname="com.camp.campr.web.rest.VideoResourceIT" time="0.019"/>
  <testcase name="putWithIdMismatchVideo" classname="com.camp.campr.web.rest.VideoResourceIT" time="0.016">
    <system-out><![CDATA[2022-01-15 16:51:42.024 ERROR 11796 --- [           main] tech.jhipster.web.util.HeaderUtil        : Entity processing failed, Invalid ID
2022-01-15 16:51:42.024  WARN 11796 --- [           main] o.z.problem.spring.common.AdviceTraits   : Bad Request: Invalid ID
]]></system-out>
  </testcase>
  <testcase name="getVideo" classname="com.camp.campr.web.rest.VideoResourceIT" time="0.015"/>
  <testcase name="partialUpdateVideoWithPatch" classname="com.camp.campr.web.rest.VideoResourceIT" time="0.018"/>
</testsuite>