<?xml version="1.0" encoding="UTF-8"?>
<testsuite xmlns:xsi="http://www.w3.org/2001/XMLSchema-instance" xsi:noNamespaceSchemaLocation="https://maven.apache.org/surefire/maven-failsafe-plugin/xsd/failsafe-test-report-3.0.xsd" version="3.0" name="com.camp.campr.config.timezone.HibernateTimeZoneIT" time="23.837" tests="7" errors="0" skipped="0" failures="0">
  <properties>
[...]
</properties>
  <testcase name="storeLocalDateTimeWithZoneIdConfigShouldBeStoredOnGMTTimeZone" classname="com.camp.campr.config.timezone.HibernateTimeZoneIT" time="0.45">
    <system-out><![CDATA[2022-01-21 12:03:41.028 DEBUG   --- [           main] com.tngtech.archunit.ArchConfiguration   : No configuration found in classpath at archunit.properties => Using default configuration
2022-01-21 12:03:49.173 DEBUG 4353 --- [kground-preinit] org.jboss.logging                        : Logging Provider: org.jboss.logging.Log4j2LoggerProvider

        ██╗ ██╗   ██╗ ████████╗ ███████╗   ██████╗ ████████╗ ████████╗ ███████╗
        ██║ ██║   ██║ ╚══██╔══╝ ██╔═══██╗ ██╔════╝ ╚══██╔══╝ ██╔═════╝ ██╔═══██╗
        ██║ ████████║    ██║    ███████╔╝ ╚█████╗     ██║    ██████╗   ███████╔╝
  ██╗   ██║ ██╔═══██║    ██║    ██╔════╝   ╚═══██╗    ██║    ██╔═══╝   ██╔══██║
  ╚██████╔╝ ██║   ██║ ████████╗ ██║       ██████╔╝    ██║    ████████╗ ██║  ╚██╗
   ╚═════╝  ╚═╝   ╚═╝ ╚═══════╝ ╚═╝       ╚═════╝     ╚═╝    ╚═══════╝ ╚═╝   ╚═╝

:: JHipster 🤓  :: Running Spring Boot 2.5.8 ::
:: https://www.jhipster.tech ::

2022-01-21 12:03:50.269  INFO 4353 --- [           main] c.c.c.c.timezone.HibernateTimeZoneIT     : No active profile set, falling back to default profiles: default
2022-01-21 12:03:50.278  WARN 4353 --- [           main] o.s.b.c.config.ConfigDataEnvironment     : Property 'spring.profiles' imported from location 'class path resource [config/application.yml]' is invalid and should be replaced with 'spring.config.activate.on-profile' [origin: class path resource [config/application.yml] - 17:12]
2022-01-21 12:03:54.152 DEBUG 4353 --- [           main] c.ehcache.core.Ehcache-usersByLogin      : Initialize successful.
2022-01-21 12:03:54.184 DEBUG 4353 --- [           main] c.ehcache.core.Ehcache-usersByEmail      : Initialize successful.
2022-01-21 12:03:54.191 DEBUG 4353 --- [           main] c.e.c.E.camp.campr.domain.User           : Initialize successful.
2022-01-21 12:03:54.197 DEBUG 4353 --- [           main] c.e.c.E.camp.campr.domain.Authority      : Initialize successful.
2022-01-21 12:03:54.203 DEBUG 4353 --- [           main] c.e.c.E.c.campr.domain.User.authorities  : Initialize successful.
2022-01-21 12:03:54.208 DEBUG 4353 --- [           main] c.e.c.E.camp.campr.domain.Video          : Initialize successful.
2022-01-21 12:03:54.215 DEBUG 4353 --- [           main] c.e.c.E.camp.campr.domain.Video.genres   : Initialize successful.
2022-01-21 12:03:54.224 DEBUG 4353 --- [           main] c.e.c.E.c.c.domain.Video.userComments    : Initialize successful.
2022-01-21 12:03:54.230 DEBUG 4353 --- [           main] c.e.c.E.c.c.domain.Video.watchhistories  : Initialize successful.
2022-01-21 12:03:54.234 DEBUG 4353 --- [           main] c.e.c.E.c.c.domain.Video.userfavorites   : Initialize successful.
2022-01-21 12:03:54.237 DEBUG 4353 --- [           main] c.e.c.E.camp.campr.domain.UserComment    : Initialize successful.
2022-01-21 12:03:54.241 DEBUG 4353 --- [           main] c.e.c.E.camp.campr.domain.Genre          : Initialize successful.
2022-01-21 12:03:54.244 DEBUG 4353 --- [           main] c.e.c.E.camp.campr.domain.Genre.videos   : Initialize successful.
2022-01-21 12:03:54.247 DEBUG 4353 --- [           main] c.e.c.E.camp.campr.domain.UserFavorites  : Initialize successful.
2022-01-21 12:03:54.250 DEBUG 4353 --- [           main] c.e.c.E.c.c.domain.UserFavorites.videos  : Initialize successful.
2022-01-21 12:03:54.254 DEBUG 4353 --- [           main] c.e.c.E.camp.campr.domain.UserUpload     : Initialize successful.
2022-01-21 12:03:54.259 DEBUG 4353 --- [           main] c.e.c.E.c.c.domain.UserUpload.videos     : Initialize successful.
2022-01-21 12:03:54.263 DEBUG 4353 --- [           main] c.e.c.E.camp.campr.domain.WatchHistory   : Initialize successful.
2022-01-21 12:03:54.268 DEBUG 4353 --- [           main] c.e.c.E.c.c.domain.WatchHistory.videos   : Initialize successful.
2022-01-21 12:04:00.632 DEBUG 4353 --- [           main] i.m.c.u.i.logging.InternalLoggerFactory  : Using SLF4J as the default logging framework
2022-01-21 12:04:03.986 DEBUG 4353 --- [           main] _.s.web.servlet.HandlerMapping.Mappings  : 
	c.c.c.c.WebConfigurerTestController:
	{GET [/api/test-cors]}: testCorsOnApiPath()
	{GET [/test/test-cors]}: testCorsOnOtherPath()
2022-01-21 12:04:03.993 DEBUG 4353 --- [           main] _.s.web.servlet.HandlerMapping.Mappings  : 
	c.c.c.w.r.e.ExceptionTranslatorTestController:
	{GET [/api/exception-translator-test/missing-servlet-request-part]}: missingServletRequestPartException(String)
	{GET [/api/exception-translator-test/concurrency-failure]}: concurrencyFailure()
	{POST [/api/exception-translator-test/method-argument]}: methodArgument(TestDTO)
	{GET [/api/exception-translator-test/missing-servlet-request-parameter]}: missingServletRequestParameterException(String)
	{GET [/api/exception-translator-test/access-denied]}: accessdenied()
	{GET [/api/exception-translator-test/unauthorized]}: unauthorized()
	{GET [/api/exception-translator-test/response-status]}: exceptionWithResponseStatus()
	{GET [/api/exception-translator-test/internal-server-error]}: internalServerError()
2022-01-21 12:04:03.999 DEBUG 4353 --- [           main] _.s.web.servlet.HandlerMapping.Mappings  : 
	c.c.c.w.r.AccountResource:
	{POST [/api/register]}: registerAccount(ManagedUserVM)
	{GET [/api/activate]}: activateAccount(String)
	{GET [/api/authenticate]}: isAuthenticated(HttpServletRequest)
	{GET [/api/account]}: getAccount()
	{POST [/api/account]}: saveAccount(AdminUserDTO)
	{POST [/api/account/reset-password/finish]}: finishPasswordReset(KeyAndPasswordVM)
	{POST [/api/account/reset-password/init]}: requestPasswordReset(String)
	{POST [/api/account/change-password]}: changePassword(PasswordChangeDTO)
2022-01-21 12:04:04.001 DEBUG 4353 --- [           main] _.s.web.servlet.HandlerMapping.Mappings  : 
	c.c.c.w.r.ClientForwardController:
	{GET [/**/{path:[^\.]*}]}: forward()
2022-01-21 12:04:04.005 DEBUG 4353 --- [           main] _.s.web.servlet.HandlerMapping.Mappings  : 
	c.c.c.w.r.GenreResource:
	{PUT [/api/genres/{id}]}: updateGenre(Long,Genre)
	{PATCH [/api/genres/{id}], consumes [application/json || application/merge-patch+json]}: partialUpdateGenre(Long,Genre)
	{POST [/api/genres]}: createGenre(Genre)
	{GET [/api/genres]}: getAllGenres()
	{GET [/api/genres/{id}]}: getGenre(Long)
	{DELETE [/api/genres/{id}]}: deleteGenre(Long)
2022-01-21 12:04:04.011 DEBUG 4353 --- [           main] _.s.web.servlet.HandlerMapping.Mappings  : 
	c.c.c.w.r.PublicUserResource:
	{GET [/api/users]}: getAllPublicUsers(Pageable)
	{GET [/api/authorities]}: getAuthorities()
2022-01-21 12:04:04.013 DEBUG 4353 --- [           main] _.s.web.servlet.HandlerMapping.Mappings  : 
	c.c.c.w.r.UserCommentResource:
	{PUT [/api/user-comments/{id}]}: updateUserComment(Long,UserComment)
	{PATCH [/api/user-comments/{id}], consumes [application/json || application/merge-patch+json]}: partialUpdateUserComment(Long,UserComment)
	{POST [/api/user-comments]}: createUserComment(UserComment)
	{GET [/api/user-comments]}: getAllUserComments()
	{GET [/api/user-comments/{id}]}: getUserComment(Long)
	{DELETE [/api/user-comments/{id}]}: deleteUserComment(Long)
2022-01-21 12:04:04.016 DEBUG 4353 --- [           main] _.s.web.servlet.HandlerMapping.Mappings  : 
	c.c.c.w.r.UserFavoritesResource:
	{PATCH [/api/user-favorites/{id}], consumes [application/json || application/merge-patch+json]}: partialUpdateUserFavorites(Long,UserFavorites)
	{PUT [/api/user-favorites/{id}]}: updateUserFavorites(Long,UserFavorites)
	{POST [/api/user-favorites]}: createUserFavorites(UserFavorites)
	{GET [/api/user-favorites]}: getAllUserFavorites(boolean)
	{GET [/api/user-favorites/{id}]}: getUserFavorites(Long)
	{DELETE [/api/user-favorites/{id}]}: deleteUserFavorites(Long)
2022-01-21 12:04:04.018 DEBUG 4353 --- [           main] _.s.web.servlet.HandlerMapping.Mappings  : 
	c.c.c.w.r.UserJWTController:
	{POST [/api/authenticate]}: authorize(LoginVM)
2022-01-21 12:04:04.020 DEBUG 4353 --- [           main] _.s.web.servlet.HandlerMapping.Mappings  : 
	c.c.c.w.r.UserResource:
	{POST [/api/admin/users]}: createUser(AdminUserDTO)
	{GET [/api/admin/users]}: getAllUsers(Pageable)
	{GET [/api/admin/users/{login}]}: getUser(String)
	{PUT [/api/admin/users]}: updateUser(AdminUserDTO)
	{DELETE [/api/admin/users/{login}]}: deleteUser(String)
2022-01-21 12:04:04.023 DEBUG 4353 --- [           main] _.s.web.servlet.HandlerMapping.Mappings  : 
	c.c.c.w.r.UserUploadResource:
	{PUT [/api/user-uploads/{id}]}: updateUserUpload(Long,UserUpload)
	{PATCH [/api/user-uploads/{id}], consumes [application/json || application/merge-patch+json]}: partialUpdateUserUpload(Long,UserUpload)
	{POST [/api/user-uploads]}: createUserUpload(UserUpload)
	{GET [/api/user-uploads]}: getAllUserUploads()
	{DELETE [/api/user-uploads/{id}]}: deleteUserUpload(Long)
	{GET [/api/user-uploads/{id}]}: getUserUpload(Long)
2022-01-21 12:04:04.026 DEBUG 4353 --- [           main] _.s.web.servlet.HandlerMapping.Mappings  : 
	c.c.c.w.r.VideoResource:
	{PUT [/api/videos/{id}]}: updateVideo(Long,Video)
	{PATCH [/api/videos/{id}], consumes [application/json || application/merge-patch+json]}: partialUpdateVideo(Long,Video)
	{GET [/api/videos/{id}]}: getVideo(Long)
	{POST [/api/videos]}: createVideo(Video)
	{GET [/api/videos]}: getAllVideos(boolean)
	{DELETE [/api/videos/{id}]}: deleteVideo(Long)
2022-01-21 12:04:04.029 DEBUG 4353 --- [           main] _.s.web.servlet.HandlerMapping.Mappings  : 
	c.c.c.w.r.WatchHistoryResource:
	{PUT [/api/watch-histories/{id}]}: updateWatchHistory(Long,WatchHistory)
	{PATCH [/api/watch-histories/{id}], consumes [application/json || application/merge-patch+json]}: partialUpdateWatchHistory(Long,WatchHistory)
	{POST [/api/watch-histories]}: createWatchHistory(WatchHistory)
	{GET [/api/watch-histories]}: getAllWatchHistories(boolean)
	{GET [/api/watch-histories/{id}]}: getWatchHistory(Long)
	{DELETE [/api/watch-histories/{id}]}: deleteWatchHistory(Long)
2022-01-21 12:04:04.032 DEBUG 4353 --- [           main] _.s.web.servlet.HandlerMapping.Mappings  : 
	o.s.b.a.w.s.e.BasicErrorController:
	{ [/error]}: error(HttpServletRequest)
	{ [/error], produces [text/html]}: errorHtml(HttpServletRequest,HttpServletResponse)
2022-01-21 12:04:04.071 DEBUG 4353 --- [           main] _.s.web.servlet.HandlerMapping.Mappings  : 
	o.s.w.a.OpenApiWebMvcResource:
	{GET [/v3/api-docs], produces [application/json]}: openapiJson(HttpServletRequest,String,Locale)
	{GET [/v3/api-docs.yaml], produces [application/vnd.oai.openapi]}: openapiYaml(HttpServletRequest,String,Locale)
2022-01-21 12:04:04.146 DEBUG 4353 --- [           main] _.s.web.servlet.HandlerMapping.Mappings  : 'beanNameHandlerMapping' {}
2022-01-21 12:04:04.185 DEBUG 4353 --- [           main] _.s.web.servlet.HandlerMapping.Mappings  : 'resourceHandlerMapping' {/webjars/**=ResourceHttpRequestHandler [classpath [META-INF/resources/webjars/]], /**=ResourceHttpRequestHandler [classpath [META-INF/resources/], classpath [resources/], classpath [static/], classpath [public/], ServletContext [/]]}
2022-01-21 12:04:05.374  INFO 4353 --- [           main] c.c.c.c.timezone.HibernateTimeZoneIT     : Started HibernateTimeZoneIT in 22.306 seconds (JVM running for 32.088)
]]></system-out>
  </testcase>
  <testcase name="storeLocalDateWithZoneIdConfigShouldBeStoredWithoutTransformation" classname="com.camp.campr.config.timezone.HibernateTimeZoneIT" time="0.014"/>
  <testcase name="storeLocalTimeWithZoneIdConfigShouldBeStoredOnGMTTimeZoneAccordingToHis1stJan1970Value" classname="com.camp.campr.config.timezone.HibernateTimeZoneIT" time="0.023"/>
  <testcase name="storeInstantWithZoneIdConfigShouldBeStoredOnGMTTimeZone" classname="com.camp.campr.config.timezone.HibernateTimeZoneIT" time="0.014"/>
  <testcase name="storeZoneDateTimeWithZoneIdConfigShouldBeStoredOnGMTTimeZone" classname="com.camp.campr.config.timezone.HibernateTimeZoneIT" time="0.013"/>
  <testcase name="storeOffsetTimeWithZoneIdConfigShouldBeStoredOnGMTTimeZoneAccordingToHis1stJan1970Value" classname="com.camp.campr.config.timezone.HibernateTimeZoneIT" time="0.011"/>
  <testcase name="storeOffsetDateTimeWithZoneIdConfigShouldBeStoredOnGMTTimeZone" classname="com.camp.campr.config.timezone.HibernateTimeZoneIT" time="0.013"/>
</testsuite>